{
  "0 debug pnpm:scope": {
    "selected": 1
  },
  "1 error pnpm": {
    "code": "ELIFECYCLE",
    "errno": "ENOENT",
    "syscall": "spawn",
    "file": "sh",
    "pkgid": "reveal.js@4.2.1",
    "stage": "dev",
    "script": "gulp serve",
    "pkgname": "reveal.js",
    "err": {
      "name": "pnpm",
      "message": "reveal.js@4.2.1 dev: `gulp serve`\nspawn ENOENT",
      "code": "ELIFECYCLE",
      "stack": "pnpm: reveal.js@4.2.1 dev: `gulp serve`\nspawn ENOENT\n    at ChildProcess.<anonymous> (/Users/admin/pnpm-global/5/node_modules/.pnpm/pnpm@6.24.3/node_modules/pnpm/dist/pnpm.cjs:91780:22)\n    at ChildProcess.emit (node:events:394:28)\n    at maybeClose (node:internal/child_process:1067:16)\n    at Process.ChildProcess._handle.onexit (node:internal/child_process:301:5)"
    }
  },
  "2 warn pnpm:global": " Local package.json exists, but node_modules missing, did you mean to install?"
}